<?xml version="1.0" encoding="UTF-8"?>
<!-- Generated by org.testng.reporters.JUnitReportReporter -->
<testsuite hostname="DESKTOP-U7A3A3S" failures="0" tests="1" name="com.amazon.qa.testcases.AddToCartTest" time="30.354" errors="0" timestamp="2022-04-17T10:58:56 IST" skipped="0">
  <testcase classname="com.amazon.qa.testcases.AddToCartTest" name="verifyCartItemsTest" time="30.354"/>
  <system-out/>
</testsuite> <!-- com.amazon.qa.testcases.AddToCartTest -->
