<?xml version="1.0" encoding="UTF-8"?>
<!-- Generated by org.testng.reporters.JUnitReportReporter -->
<testsuite hostname="DESKTOP-U7A3A3S" failures="0" tests="3" name="com.amazon.qa.testcases.LoginPageTest" time="25.181" errors="0" timestamp="2022-04-14T13:11:04 IST" skipped="0">
  <testcase classname="com.amazon.qa.testcases.LoginPageTest" name="titleTest" time="6.848"/>
  <system-out/>
  <testcase classname="com.amazon.qa.testcases.LoginPageTest" name="logoTest" time="6.894"/>
  <system-out/>
  <testcase classname="com.amazon.qa.testcases.LoginPageTest" name="loginPageTest" time="11.439"/>
  <system-out/>
</testsuite> <!-- com.amazon.qa.testcases.LoginPageTest -->
