<?xml version="1.0" encoding="UTF-8"?>
<!-- Generated by org.testng.reporters.JUnitReportReporter -->
<testsuite hostname="DESKTOP-U7A3A3S" failures="0" tests="1" name="com.amazon.qa.testcases.AmazonPayTest" time="39.465" errors="0" timestamp="2022-04-18T07:10:29 IST" skipped="0">
  <testcase classname="com.amazon.qa.testcases.AmazonPayTest" name="transcationsListTest" time="39.465"/>
  <system-out/>
</testsuite> <!-- com.amazon.qa.testcases.AmazonPayTest -->
