<?xml version="1.0" encoding="UTF-8"?>
<!-- Generated by org.testng.reporters.JUnitReportReporter -->
<testsuite hostname="DESKTOP-U7A3A3S" failures="0" tests="4" name="com.amazon.qa.testcases.HomePageTest" time="77.969" errors="0" timestamp="2022-04-14T17:23:44 IST" skipped="0">
  <testcase classname="com.amazon.qa.testcases.HomePageTest" name="validateHomePageTitleTest" time="16.722"/>
  <system-out/>
  <testcase classname="com.amazon.qa.testcases.HomePageTest" name="clickOnAmazonPayTest" time="19.256"/>
  <system-out/>
  <testcase classname="com.amazon.qa.testcases.HomePageTest" name="clickOnGiftCardsPageTest" time="20.226"/>
  <system-out/>
  <testcase classname="com.amazon.qa.testcases.HomePageTest" name="clickOnFreshPageTest" time="21.765"/>
  <system-out/>
</testsuite> <!-- com.amazon.qa.testcases.HomePageTest -->
