<?xml version="1.0" encoding="UTF-8"?>
<!-- Generated by org.testng.reporters.JUnitReportReporter -->
<testsuite hostname="DESKTOP-U7A3A3S" failures="0" tests="1" name="com.amazon.qa.testcases.SearchTest" time="45.514" errors="0" timestamp="2022-10-01T17:45:14 IST" skipped="0">
  <testcase classname="com.amazon.qa.testcases.SearchTest" name="enterSearchCriteriaTest" time="45.514"/>
  <system-out/>
</testsuite> <!-- com.amazon.qa.testcases.SearchTest -->
